<?xml version="1.0" encoding="UTF-8"?>
<testsuite name="com.billing.charge.calculation.internal.step.PostProcessStepResultTypePropertyTest" tests="5" skipped="0" failures="0" errors="0" timestamp="2026-02-27T09:12:12.275Z" hostname="SKAXui-MacBookPro.local" time="0.043">
  <properties/>
  <testcase name="vatStepShouldOnlyProduceFlatResults" classname="com.billing.charge.calculation.internal.step.PostProcessStepResultTypePropertyTest" time="0.009"/>
  <testcase name="prepaidOffsetStepShouldOnlyProduceFlatResults" classname="com.billing.charge.calculation.internal.step.PostProcessStepResultTypePropertyTest" time="0.012"/>
  <testcase name="splitBillingStepShouldOnlyProduceFlatResults" classname="com.billing.charge.calculation.internal.step.PostProcessStepResultTypePropertyTest" time="0.008"/>
  <testcase name="lateFeeStepShouldOnlyProduceFlatResults" classname="com.billing.charge.calculation.internal.step.PostProcessStepResultTypePropertyTest" time="0.007"/>
  <testcase name="autoPayDiscountStepShouldOnlyProduceFlatResults" classname="com.billing.charge.calculation.internal.step.PostProcessStepResultTypePropertyTest" time="0.007"/>
  <system-out><![CDATA[timestamp = 2026-02-27T18:12:12.284232, PostProcessStepResultTypePropertyTest:vatStepShouldOnlyProduceFlatResults = 
                              |-----------------------jqwik-----------------------
tries = 100                   | # of calls to property
checks = 100                  | # of not rejected calls
generation = RANDOMIZED       | parameters are randomly generated
after-failure = SAMPLE_FIRST  | try previously failed sample, then previous seed
when-fixed-seed = ALLOW       | fixing the random seed is allowed
edge-cases#mode = MIXIN       | edge cases are mixed in
edge-cases#total = 4          | # of all combined edge cases
edge-cases#tried = 4          | # of edge cases tried in current run
seed = -2907197570141648158   | random seed to reproduce generated values


timestamp = 2026-02-27T18:12:12.296337, PostProcessStepResultTypePropertyTest:prepaidOffsetStepShouldOnlyProduceFlatResults = 
                              |-----------------------jqwik-----------------------
tries = 100                   | # of calls to property
checks = 100                  | # of not rejected calls
generation = RANDOMIZED       | parameters are randomly generated
after-failure = SAMPLE_FIRST  | try previously failed sample, then previous seed
when-fixed-seed = ALLOW       | fixing the random seed is allowed
edge-cases#mode = MIXIN       | edge cases are mixed in
edge-cases#total = 16         | # of all combined edge cases
edge-cases#tried = 16         | # of edge cases tried in current run
seed = -6032588694418261873   | random seed to reproduce generated values


timestamp = 2026-02-27T18:12:12.304581, PostProcessStepResultTypePropertyTest:splitBillingStepShouldOnlyProduceFlatResults = 
                              |-----------------------jqwik-----------------------
tries = 100                   | # of calls to property
checks = 100                  | # of not rejected calls
generation = RANDOMIZED       | parameters are randomly generated
after-failure = SAMPLE_FIRST  | try previously failed sample, then previous seed
when-fixed-seed = ALLOW       | fixing the random seed is allowed
edge-cases#mode = MIXIN       | edge cases are mixed in
edge-cases#total = 16         | # of all combined edge cases
edge-cases#tried = 12         | # of edge cases tried in current run
seed = -8752641333667853016   | random seed to reproduce generated values


timestamp = 2026-02-27T18:12:12.311615, PostProcessStepResultTypePropertyTest:lateFeeStepShouldOnlyProduceFlatResults = 
                              |-----------------------jqwik-----------------------
tries = 100                   | # of calls to property
checks = 100                  | # of not rejected calls
generation = RANDOMIZED       | parameters are randomly generated
after-failure = SAMPLE_FIRST  | try previously failed sample, then previous seed
when-fixed-seed = ALLOW       | fixing the random seed is allowed
edge-cases#mode = MIXIN       | edge cases are mixed in
edge-cases#total = 16         | # of all combined edge cases
edge-cases#tried = 6          | # of edge cases tried in current run
seed = 7063822800449751267    | random seed to reproduce generated values


timestamp = 2026-02-27T18:12:12.318668, PostProcessStepResultTypePropertyTest:autoPayDiscountStepShouldOnlyProduceFlatResults = 
                              |-----------------------jqwik-----------------------
tries = 100                   | # of calls to property
checks = 100                  | # of not rejected calls
generation = RANDOMIZED       | parameters are randomly generated
after-failure = SAMPLE_FIRST  | try previously failed sample, then previous seed
when-fixed-seed = ALLOW       | fixing the random seed is allowed
edge-cases#mode = MIXIN       | edge cases are mixed in
edge-cases#total = 16         | # of all combined edge cases
edge-cases#tried = 16         | # of edge cases tried in current run
seed = 7963031169532456700    | random seed to reproduce generated values


]]></system-out>
  <system-err><![CDATA[]]></system-err>
</testsuite>
