<?xml version="1.0" encoding="UTF-8"?>
<testsuite name="com.billing.charge.calculation.internal.step.MonthlyFeeStepPropertyTest" tests="1" skipped="0" failures="0" errors="0" timestamp="2026-02-27T09:12:12.251Z" hostname="SKAXui-MacBookPro.local" time="0.021">
  <properties/>
  <testcase name="monthlyFeeResultPeriodShouldBeValid" classname="com.billing.charge.calculation.internal.step.MonthlyFeeStepPropertyTest" time="0.021"/>
  <system-out><![CDATA[timestamp = 2026-02-27T18:12:12.272310, MonthlyFeeStepPropertyTest:monthlyFeeResultPeriodShouldBeValid = 
                              |-----------------------jqwik-----------------------
tries = 100                   | # of calls to property
checks = 100                  | # of not rejected calls
generation = RANDOMIZED       | parameters are randomly generated
after-failure = SAMPLE_FIRST  | try previously failed sample, then previous seed
when-fixed-seed = ALLOW       | fixing the random seed is allowed
edge-cases#mode = MIXIN       | edge cases are mixed in
edge-cases#total = 100        | # of all combined edge cases
edge-cases#tried = 15         | # of edge cases tried in current run
seed = -729463884446298223    | random seed to reproduce generated values


]]></system-out>
  <system-err><![CDATA[2월 27, 2026 6:12:12 오후 net.jqwik.engine.properties.RandomizedShrinkablesGenerator logEdgeCasesOutnumberTriesIfApplicable
정보: Edge case generation exceeds number of tries. Stopped after 100 generated cases.
]]></system-err>
</testsuite>
