<?xml version="1.0" encoding="UTF-8"?>
<testsuite name="정기청구 전략 (RegularBillingStrategy)" tests="2" skipped="0" failures="0" errors="0" timestamp="2026-02-28T10:17:09.245Z" hostname="realimpactui-MacBookAir.local" time="0.003">
  <properties/>
  <testcase name="MasterContractBaseLoader를 반환해야 한다" classname="com.billing.charge.calculation.impl.strategy.DataAccessStrategyLoaderSelectionTest$RegularBillingStrategyTest" time="0.002"/>
  <testcase name="월정액, 할인, 청구/수납, 선납 로더를 모두 포함해야 한다" classname="com.billing.charge.calculation.impl.strategy.DataAccessStrategyLoaderSelectionTest$RegularBillingStrategyTest" time="0.001"/>
  <system-out><![CDATA[]]></system-out>
  <system-err><![CDATA[]]></system-err>
</testsuite>
