<?xml version="1.0" encoding="UTF-8"?>
<testsuite name="견적 조회 전략 (QuotationQueryStrategy)" tests="2" skipped="0" failures="0" errors="0" timestamp="2026-02-28T10:17:09.236Z" hostname="realimpactui-MacBookAir.local" time="0.002">
  <properties/>
  <testcase name="QuotationContractBaseLoader를 반환해야 한다" classname="com.billing.charge.calculation.impl.strategy.DataAccessStrategyLoaderSelectionTest$QuotationQueryStrategyTest" time="0.001"/>
  <testcase name="ChargeItemDataLoader가 비어있어야 한다 (기준정보만 사용)" classname="com.billing.charge.calculation.impl.strategy.DataAccessStrategyLoaderSelectionTest$QuotationQueryStrategyTest" time="0.0"/>
  <system-out><![CDATA[]]></system-out>
  <system-err><![CDATA[]]></system-err>
</testsuite>
