<?xml version="1.0" encoding="UTF-8"?>
<testsuite name="com.billing.charge.calculation.impl.strategy.DataAccessStrategyResolverPropertyTest" tests="2" skipped="0" failures="0" errors="0" timestamp="2026-02-27T09:12:08.461Z" hostname="SKAXui-MacBookPro.local" time="0.008">
  <properties/>
  <testcase name="shouldThrowExceptionForUnregisteredUseCaseType" classname="com.billing.charge.calculation.impl.strategy.DataAccessStrategyResolverPropertyTest" time="0.003"/>
  <testcase name="resolvedStrategyShouldMatchRequestedUseCaseType" classname="com.billing.charge.calculation.impl.strategy.DataAccessStrategyResolverPropertyTest" time="0.004"/>
  <system-out><![CDATA[18:12:08.461 [Test worker] INFO com.billing.charge.calculation.impl.strategy.DataAccessStrategyResolver -- DataAccessStrategy 등록 완료: [REALTIME_QUERY, REGULAR_BILLING, QUOTATION_QUERY, ESTIMATE_QUERY]
18:12:08.462 [Test worker] INFO com.billing.charge.calculation.impl.strategy.DataAccessStrategyResolver -- DataAccessStrategy 등록 완료: []
18:12:08.465 [Test worker] INFO com.billing.charge.calculation.impl.strategy.DataAccessStrategyResolver -- DataAccessStrategy 등록 완료: [REALTIME_QUERY, REGULAR_BILLING, QUOTATION_QUERY, ESTIMATE_QUERY]
timestamp = 2026-02-27T18:12:08.469151, DataAccessStrategyResolverPropertyTest:resolvedStrategyShouldMatchRequestedUseCaseType = 
                              |-----------------------jqwik-----------------------
tries = 4                     | # of calls to property
checks = 4                    | # of not rejected calls
generation = EXHAUSTIVE       | parameters are exhaustively generated
after-failure = SAMPLE_FIRST  | try previously failed sample, then previous seed
when-fixed-seed = ALLOW       | fixing the random seed is allowed
edge-cases#mode = MIXIN       | edge cases are mixed in
edge-cases#total = 0          | # of all combined edge cases
edge-cases#tried = 0          | # of edge cases tried in current run
seed = -7060826831738008210   | random seed to reproduce generated values


]]></system-out>
  <system-err><![CDATA[]]></system-err>
</testsuite>
