<?xml version="1.0" encoding="UTF-8"?>
<testsuite name="com.billing.charge.calculation.impl.pipeline.PipelineConfiguratorPropertyTest" tests="1" skipped="0" failures="0" errors="0" timestamp="2026-02-27T09:12:08.285Z" hostname="SKAXui-MacBookPro.local" time="0.046">
  <properties/>
  <testcase name="sameInputShouldAlwaysProduceSamePipelineOutput" classname="com.billing.charge.calculation.impl.pipeline.PipelineConfiguratorPropertyTest" time="0.046"/>
  <system-out><![CDATA[timestamp = 2026-02-27T18:12:08.331561, PipelineConfiguratorPropertyTest:sameInputShouldAlwaysProduceSamePipelineOutput = 
                              |-----------------------jqwik-----------------------
tries = 100                   | # of calls to property
checks = 100                  | # of not rejected calls
generation = RANDOMIZED       | parameters are randomly generated
after-failure = SAMPLE_FIRST  | try previously failed sample, then previous seed
when-fixed-seed = ALLOW       | fixing the random seed is allowed
edge-cases#mode = MIXIN       | edge cases are mixed in
edge-cases#total = 16         | # of all combined edge cases
edge-cases#tried = 16         | # of edge cases tried in current run
seed = 7127319927969003278    | random seed to reproduce generated values


]]></system-out>
  <system-err><![CDATA[]]></system-err>
</testsuite>
