<?xml version="1.0" encoding="UTF-8"?>
<testsuite name="com.billing.charge.calculation.impl.service.TenantIsolationPropertyTest" tests="1" skipped="0" failures="0" errors="0" timestamp="2026-02-27T09:12:08.390Z" hostname="SKAXui-MacBookPro.local" time="0.07">
  <properties/>
  <testcase name="differentTenantsShouldGetIndependentPipelineConfigurations" classname="com.billing.charge.calculation.impl.service.TenantIsolationPropertyTest" time="0.07"/>
  <system-out><![CDATA[18:12:08.397 [Test worker] INFO com.billing.charge.calculation.impl.strategy.DataAccessStrategyResolver -- DataAccessStrategy 등록 완료: [REALTIME_QUERY, REGULAR_BILLING, QUOTATION_QUERY, ESTIMATE_QUERY]
18:12:08.422 [Test worker] INFO com.billing.charge.calculation.impl.strategy.DataAccessStrategyResolver -- DataAccessStrategy 등록 완료: [REALTIME_QUERY, REGULAR_BILLING, QUOTATION_QUERY, ESTIMATE_QUERY]
18:12:08.423 [Test worker] INFO com.billing.charge.calculation.impl.strategy.DataAccessStrategyResolver -- DataAccessStrategy 등록 완료: [REALTIME_QUERY, REGULAR_BILLING, QUOTATION_QUERY, ESTIMATE_QUERY]
18:12:08.423 [Test worker] INFO com.billing.charge.calculation.impl.strategy.DataAccessStrategyResolver -- DataAccessStrategy 등록 완료: [REALTIME_QUERY, REGULAR_BILLING, QUOTATION_QUERY, ESTIMATE_QUERY]
18:12:08.424 [Test worker] INFO com.billing.charge.calculation.impl.strategy.DataAccessStrategyResolver -- DataAccessStrategy 등록 완료: [REALTIME_QUERY, REGULAR_BILLING, QUOTATION_QUERY, ESTIMATE_QUERY]
18:12:08.424 [Test worker] INFO com.billing.charge.calculation.impl.strategy.DataAccessStrategyResolver -- DataAccessStrategy 등록 완료: [REALTIME_QUERY, REGULAR_BILLING, QUOTATION_QUERY, ESTIMATE_QUERY]
18:12:08.424 [Test worker] INFO com.billing.charge.calculation.impl.strategy.DataAccessStrategyResolver -- DataAccessStrategy 등록 완료: [REALTIME_QUERY, REGULAR_BILLING, QUOTATION_QUERY, ESTIMATE_QUERY]
18:12:08.425 [Test worker] INFO com.billing.charge.calculation.impl.strategy.DataAccessStrategyResolver -- DataAccessStrategy 등록 완료: [REALTIME_QUERY, REGULAR_BILLING, QUOTATION_QUERY, ESTIMATE_QUERY]
18:12:08.425 [Test worker] INFO com.billing.charge.calculation.impl.strategy.DataAccessStrategyResolver -- DataAccessStrategy 등록 완료: [REALTIME_QUERY, REGULAR_BILLING, QUOTATION_QUERY, ESTIMATE_QUERY]
18:12:08.426 [Test worker] INFO com.billing.charge.calculation.impl.strategy.DataAccessStrategyResolver -- DataAccessStrategy 등록 완료: [REALTIME_QUERY, REGULAR_BILLING, QUOTATION_QUERY, ESTIMATE_QUERY]
18:12:08.426 [Test worker] INFO com.billing.charge.calculation.impl.strategy.DataAccessStrategyResolver -- DataAccessStrategy 등록 완료: [REALTIME_QUERY, REGULAR_BILLING, QUOTATION_QUERY, ESTIMATE_QUERY]
18:12:08.426 [Test worker] INFO com.billing.charge.calculation.impl.strategy.DataAccessStrategyResolver -- DataAccessStrategy 등록 완료: [REALTIME_QUERY, REGULAR_BILLING, QUOTATION_QUERY, ESTIMATE_QUERY]
18:12:08.426 [Test worker] INFO com.billing.charge.calculation.impl.strategy.DataAccessStrategyResolver -- DataAccessStrategy 등록 완료: [REALTIME_QUERY, REGULAR_BILLING, QUOTATION_QUERY, ESTIMATE_QUERY]
18:12:08.427 [Test worker] INFO com.billing.charge.calculation.impl.strategy.DataAccessStrategyResolver -- DataAccessStrategy 등록 완료: [REALTIME_QUERY, REGULAR_BILLING, QUOTATION_QUERY, ESTIMATE_QUERY]
18:12:08.427 [Test worker] INFO com.billing.charge.calculation.impl.strategy.DataAccessStrategyResolver -- DataAccessStrategy 등록 완료: [REALTIME_QUERY, REGULAR_BILLING, QUOTATION_QUERY, ESTIMATE_QUERY]
18:12:08.427 [Test worker] INFO com.billing.charge.calculation.impl.strategy.DataAccessStrategyResolver -- DataAccessStrategy 등록 완료: [REALTIME_QUERY, REGULAR_BILLING, QUOTATION_QUERY, ESTIMATE_QUERY]
18:12:08.428 [Test worker] INFO com.billing.charge.calculation.impl.strategy.DataAccessStrategyResolver -- DataAccessStrategy 등록 완료: [REALTIME_QUERY, REGULAR_BILLING, QUOTATION_QUERY, ESTIMATE_QUERY]
18:12:08.428 [Test worker] INFO com.billing.charge.calculation.impl.strategy.DataAccessStrategyResolver -- DataAccessStrategy 등록 완료: [REALTIME_QUERY, REGULAR_BILLING, QUOTATION_QUERY, ESTIMATE_QUERY]
18:12:08.429 [Test worker] INFO com.billing.charge.calculation.impl.strategy.DataAccessStrategyResolver -- DataAccessStrategy 등록 완료: [REALTIME_QUERY, REGULAR_BILLING, QUOTATION_QUERY, ESTIMATE_QUERY]
18:12:08.429 [Test worker] INFO com.billing.charge.calculation.impl.strategy.DataAccessStrategyResolver -- DataAccessStrategy 등록 완료: [REALTIME_QUERY, REGULAR_BILLING, QUOTATION_QUERY, ESTIMATE_QUERY]
18:12:08.430 [Test worker] INFO com.billing.charge.calculation.impl.strategy.DataAccessStrategyResolver -- DataAccessStrategy 등록 완료: [REALTIME_QUERY, REGULAR_BILLING, QUOTATION_QUERY, ESTIMATE_QUERY]
18:12:08.430 [Test worker] INFO com.billing.charge.calculation.impl.strategy.DataAccessStrategyResolver -- DataAccessStrategy 등록 완료: [REALTIME_QUERY, REGULAR_BILLING, QUOTATION_QUERY, ESTIMATE_QUERY]
18:12:08.431 [Test worker] INFO com.billing.charge.calculation.impl.strategy.DataAccessStrategyResolver -- DataAccessStrategy 등록 완료: [REALTIME_QUERY, REGULAR_BILLING, QUOTATION_QUERY, ESTIMATE_QUERY]
18:12:08.432 [Test worker] INFO com.billing.charge.calculation.impl.strategy.DataAccessStrategyResolver -- DataAccessStrategy 등록 완료: [REALTIME_QUERY, REGULAR_BILLING, QUOTATION_QUERY, ESTIMATE_QUERY]
18:12:08.433 [Test worker] INFO com.billing.charge.calculation.impl.strategy.DataAccessStrategyResolver -- DataAccessStrategy 등록 완료: [REALTIME_QUERY, REGULAR_BILLING, QUOTATION_QUERY, ESTIMATE_QUERY]
18:12:08.433 [Test worker] INFO com.billing.charge.calculation.impl.strategy.DataAccessStrategyResolver -- DataAccessStrategy 등록 완료: [REALTIME_QUERY, REGULAR_BILLING, QUOTATION_QUERY, ESTIMATE_QUERY]
18:12:08.434 [Test worker] INFO com.billing.charge.calculation.impl.strategy.DataAccessStrategyResolver -- DataAccessStrategy 등록 완료: [REALTIME_QUERY, REGULAR_BILLING, QUOTATION_QUERY, ESTIMATE_QUERY]
18:12:08.434 [Test worker] INFO com.billing.charge.calculation.impl.strategy.DataAccessStrategyResolver -- DataAccessStrategy 등록 완료: [REALTIME_QUERY, REGULAR_BILLING, QUOTATION_QUERY, ESTIMATE_QUERY]
18:12:08.434 [Test worker] INFO com.billing.charge.calculation.impl.strategy.DataAccessStrategyResolver -- DataAccessStrategy 등록 완료: [REALTIME_QUERY, REGULAR_BILLING, QUOTATION_QUERY, ESTIMATE_QUERY]
18:12:08.435 [Test worker] INFO com.billing.charge.calculation.impl.strategy.DataAccessStrategyResolver -- DataAccessStrategy 등록 완료: [REALTIME_QUERY, REGULAR_BILLING, QUOTATION_QUERY, ESTIMATE_QUERY]
18:12:08.435 [Test worker] INFO com.billing.charge.calculation.impl.strategy.DataAccessStrategyResolver -- DataAccessStrategy 등록 완료: [REALTIME_QUERY, REGULAR_BILLING, QUOTATION_QUERY, ESTIMATE_QUERY]
18:12:08.436 [Test worker] INFO com.billing.charge.calculation.impl.strategy.DataAccessStrategyResolver -- DataAccessStrategy 등록 완료: [REALTIME_QUERY, REGULAR_BILLING, QUOTATION_QUERY, ESTIMATE_QUERY]
18:12:08.436 [Test worker] INFO com.billing.charge.calculation.impl.strategy.DataAccessStrategyResolver -- DataAccessStrategy 등록 완료: [REALTIME_QUERY, REGULAR_BILLING, QUOTATION_QUERY, ESTIMATE_QUERY]
18:12:08.436 [Test worker] INFO com.billing.charge.calculation.impl.strategy.DataAccessStrategyResolver -- DataAccessStrategy 등록 완료: [REALTIME_QUERY, REGULAR_BILLING, QUOTATION_QUERY, ESTIMATE_QUERY]
18:12:08.437 [Test worker] INFO com.billing.charge.calculation.impl.strategy.DataAccessStrategyResolver -- DataAccessStrategy 등록 완료: [REALTIME_QUERY, REGULAR_BILLING, QUOTATION_QUERY, ESTIMATE_QUERY]
18:12:08.437 [Test worker] INFO com.billing.charge.calculation.impl.strategy.DataAccessStrategyResolver -- DataAccessStrategy 등록 완료: [REALTIME_QUERY, REGULAR_BILLING, QUOTATION_QUERY, ESTIMATE_QUERY]
18:12:08.437 [Test worker] INFO com.billing.charge.calculation.impl.strategy.DataAccessStrategyResolver -- DataAccessStrategy 등록 완료: [REALTIME_QUERY, REGULAR_BILLING, QUOTATION_QUERY, ESTIMATE_QUERY]
18:12:08.437 [Test worker] INFO com.billing.charge.calculation.impl.strategy.DataAccessStrategyResolver -- DataAccessStrategy 등록 완료: [REALTIME_QUERY, REGULAR_BILLING, QUOTATION_QUERY, ESTIMATE_QUERY]
18:12:08.438 [Test worker] INFO com.billing.charge.calculation.impl.strategy.DataAccessStrategyResolver -- DataAccessStrategy 등록 완료: [REALTIME_QUERY, REGULAR_BILLING, QUOTATION_QUERY, ESTIMATE_QUERY]
18:12:08.438 [Test worker] INFO com.billing.charge.calculation.impl.strategy.DataAccessStrategyResolver -- DataAccessStrategy 등록 완료: [REALTIME_QUERY, REGULAR_BILLING, QUOTATION_QUERY, ESTIMATE_QUERY]
18:12:08.438 [Test worker] INFO com.billing.charge.calculation.impl.strategy.DataAccessStrategyResolver -- DataAccessStrategy 등록 완료: [REALTIME_QUERY, REGULAR_BILLING, QUOTATION_QUERY, ESTIMATE_QUERY]
18:12:08.439 [Test worker] INFO com.billing.charge.calculation.impl.strategy.DataAccessStrategyResolver -- DataAccessStrategy 등록 완료: [REALTIME_QUERY, REGULAR_BILLING, QUOTATION_QUERY, ESTIMATE_QUERY]
18:12:08.439 [Test worker] INFO com.billing.charge.calculation.impl.strategy.DataAccessStrategyResolver -- DataAccessStrategy 등록 완료: [REALTIME_QUERY, REGULAR_BILLING, QUOTATION_QUERY, ESTIMATE_QUERY]
18:12:08.440 [Test worker] INFO com.billing.charge.calculation.impl.strategy.DataAccessStrategyResolver -- DataAccessStrategy 등록 완료: [REALTIME_QUERY, REGULAR_BILLING, QUOTATION_QUERY, ESTIMATE_QUERY]
18:12:08.440 [Test worker] INFO com.billing.charge.calculation.impl.strategy.DataAccessStrategyResolver -- DataAccessStrategy 등록 완료: [REALTIME_QUERY, REGULAR_BILLING, QUOTATION_QUERY, ESTIMATE_QUERY]
18:12:08.441 [Test worker] INFO com.billing.charge.calculation.impl.strategy.DataAccessStrategyResolver -- DataAccessStrategy 등록 완료: [REALTIME_QUERY, REGULAR_BILLING, QUOTATION_QUERY, ESTIMATE_QUERY]
18:12:08.441 [Test worker] INFO com.billing.charge.calculation.impl.strategy.DataAccessStrategyResolver -- DataAccessStrategy 등록 완료: [REALTIME_QUERY, REGULAR_BILLING, QUOTATION_QUERY, ESTIMATE_QUERY]
18:12:08.441 [Test worker] INFO com.billing.charge.calculation.impl.strategy.DataAccessStrategyResolver -- DataAccessStrategy 등록 완료: [REALTIME_QUERY, REGULAR_BILLING, QUOTATION_QUERY, ESTIMATE_QUERY]
18:12:08.441 [Test worker] INFO com.billing.charge.calculation.impl.strategy.DataAccessStrategyResolver -- DataAccessStrategy 등록 완료: [REALTIME_QUERY, REGULAR_BILLING, QUOTATION_QUERY, ESTIMATE_QUERY]
18:12:08.442 [Test worker] INFO com.billing.charge.calculation.impl.strategy.DataAccessStrategyResolver -- DataAccessStrategy 등록 완료: [REALTIME_QUERY, REGULAR_BILLING, QUOTATION_QUERY, ESTIMATE_QUERY]
18:12:08.442 [Test worker] INFO com.billing.charge.calculation.impl.strategy.DataAccessStrategyResolver -- DataAccessStrategy 등록 완료: [REALTIME_QUERY, REGULAR_BILLING, QUOTATION_QUERY, ESTIMATE_QUERY]
18:12:08.442 [Test worker] INFO com.billing.charge.calculation.impl.strategy.DataAccessStrategyResolver -- DataAccessStrategy 등록 완료: [REALTIME_QUERY, REGULAR_BILLING, QUOTATION_QUERY, ESTIMATE_QUERY]
18:12:08.443 [Test worker] INFO com.billing.charge.calculation.impl.strategy.DataAccessStrategyResolver -- DataAccessStrategy 등록 완료: [REALTIME_QUERY, REGULAR_BILLING, QUOTATION_QUERY, ESTIMATE_QUERY]
18:12:08.443 [Test worker] INFO com.billing.charge.calculation.impl.strategy.DataAccessStrategyResolver -- DataAccessStrategy 등록 완료: [REALTIME_QUERY, REGULAR_BILLING, QUOTATION_QUERY, ESTIMATE_QUERY]
18:12:08.443 [Test worker] INFO com.billing.charge.calculation.impl.strategy.DataAccessStrategyResolver -- DataAccessStrategy 등록 완료: [REALTIME_QUERY, REGULAR_BILLING, QUOTATION_QUERY, ESTIMATE_QUERY]
18:12:08.444 [Test worker] INFO com.billing.charge.calculation.impl.strategy.DataAccessStrategyResolver -- DataAccessStrategy 등록 완료: [REALTIME_QUERY, REGULAR_BILLING, QUOTATION_QUERY, ESTIMATE_QUERY]
18:12:08.444 [Test worker] INFO com.billing.charge.calculation.impl.strategy.DataAccessStrategyResolver -- DataAccessStrategy 등록 완료: [REALTIME_QUERY, REGULAR_BILLING, QUOTATION_QUERY, ESTIMATE_QUERY]
18:12:08.444 [Test worker] INFO com.billing.charge.calculation.impl.strategy.DataAccessStrategyResolver -- DataAccessStrategy 등록 완료: [REALTIME_QUERY, REGULAR_BILLING, QUOTATION_QUERY, ESTIMATE_QUERY]
18:12:08.445 [Test worker] INFO com.billing.charge.calculation.impl.strategy.DataAccessStrategyResolver -- DataAccessStrategy 등록 완료: [REALTIME_QUERY, REGULAR_BILLING, QUOTATION_QUERY, ESTIMATE_QUERY]
18:12:08.445 [Test worker] INFO com.billing.charge.calculation.impl.strategy.DataAccessStrategyResolver -- DataAccessStrategy 등록 완료: [REALTIME_QUERY, REGULAR_BILLING, QUOTATION_QUERY, ESTIMATE_QUERY]
18:12:08.445 [Test worker] INFO com.billing.charge.calculation.impl.strategy.DataAccessStrategyResolver -- DataAccessStrategy 등록 완료: [REALTIME_QUERY, REGULAR_BILLING, QUOTATION_QUERY, ESTIMATE_QUERY]
18:12:08.446 [Test worker] INFO com.billing.charge.calculation.impl.strategy.DataAccessStrategyResolver -- DataAccessStrategy 등록 완료: [REALTIME_QUERY, REGULAR_BILLING, QUOTATION_QUERY, ESTIMATE_QUERY]
18:12:08.446 [Test worker] INFO com.billing.charge.calculation.impl.strategy.DataAccessStrategyResolver -- DataAccessStrategy 등록 완료: [REALTIME_QUERY, REGULAR_BILLING, QUOTATION_QUERY, ESTIMATE_QUERY]
18:12:08.446 [Test worker] INFO com.billing.charge.calculation.impl.strategy.DataAccessStrategyResolver -- DataAccessStrategy 등록 완료: [REALTIME_QUERY, REGULAR_BILLING, QUOTATION_QUERY, ESTIMATE_QUERY]
18:12:08.447 [Test worker] INFO com.billing.charge.calculation.impl.strategy.DataAccessStrategyResolver -- DataAccessStrategy 등록 완료: [REALTIME_QUERY, REGULAR_BILLING, QUOTATION_QUERY, ESTIMATE_QUERY]
18:12:08.447 [Test worker] INFO com.billing.charge.calculation.impl.strategy.DataAccessStrategyResolver -- DataAccessStrategy 등록 완료: [REALTIME_QUERY, REGULAR_BILLING, QUOTATION_QUERY, ESTIMATE_QUERY]
18:12:08.448 [Test worker] INFO com.billing.charge.calculation.impl.strategy.DataAccessStrategyResolver -- DataAccessStrategy 등록 완료: [REALTIME_QUERY, REGULAR_BILLING, QUOTATION_QUERY, ESTIMATE_QUERY]
18:12:08.448 [Test worker] INFO com.billing.charge.calculation.impl.strategy.DataAccessStrategyResolver -- DataAccessStrategy 등록 완료: [REALTIME_QUERY, REGULAR_BILLING, QUOTATION_QUERY, ESTIMATE_QUERY]
18:12:08.448 [Test worker] INFO com.billing.charge.calculation.impl.strategy.DataAccessStrategyResolver -- DataAccessStrategy 등록 완료: [REALTIME_QUERY, REGULAR_BILLING, QUOTATION_QUERY, ESTIMATE_QUERY]
18:12:08.448 [Test worker] INFO com.billing.charge.calculation.impl.strategy.DataAccessStrategyResolver -- DataAccessStrategy 등록 완료: [REALTIME_QUERY, REGULAR_BILLING, QUOTATION_QUERY, ESTIMATE_QUERY]
18:12:08.449 [Test worker] INFO com.billing.charge.calculation.impl.strategy.DataAccessStrategyResolver -- DataAccessStrategy 등록 완료: [REALTIME_QUERY, REGULAR_BILLING, QUOTATION_QUERY, ESTIMATE_QUERY]
18:12:08.449 [Test worker] INFO com.billing.charge.calculation.impl.strategy.DataAccessStrategyResolver -- DataAccessStrategy 등록 완료: [REALTIME_QUERY, REGULAR_BILLING, QUOTATION_QUERY, ESTIMATE_QUERY]
18:12:08.449 [Test worker] INFO com.billing.charge.calculation.impl.strategy.DataAccessStrategyResolver -- DataAccessStrategy 등록 완료: [REALTIME_QUERY, REGULAR_BILLING, QUOTATION_QUERY, ESTIMATE_QUERY]
18:12:08.449 [Test worker] INFO com.billing.charge.calculation.impl.strategy.DataAccessStrategyResolver -- DataAccessStrategy 등록 완료: [REALTIME_QUERY, REGULAR_BILLING, QUOTATION_QUERY, ESTIMATE_QUERY]
18:12:08.450 [Test worker] INFO com.billing.charge.calculation.impl.strategy.DataAccessStrategyResolver -- DataAccessStrategy 등록 완료: [REALTIME_QUERY, REGULAR_BILLING, QUOTATION_QUERY, ESTIMATE_QUERY]
18:12:08.450 [Test worker] INFO com.billing.charge.calculation.impl.strategy.DataAccessStrategyResolver -- DataAccessStrategy 등록 완료: [REALTIME_QUERY, REGULAR_BILLING, QUOTATION_QUERY, ESTIMATE_QUERY]
18:12:08.450 [Test worker] INFO com.billing.charge.calculation.impl.strategy.DataAccessStrategyResolver -- DataAccessStrategy 등록 완료: [REALTIME_QUERY, REGULAR_BILLING, QUOTATION_QUERY, ESTIMATE_QUERY]
18:12:08.451 [Test worker] INFO com.billing.charge.calculation.impl.strategy.DataAccessStrategyResolver -- DataAccessStrategy 등록 완료: [REALTIME_QUERY, REGULAR_BILLING, QUOTATION_QUERY, ESTIMATE_QUERY]
18:12:08.451 [Test worker] INFO com.billing.charge.calculation.impl.strategy.DataAccessStrategyResolver -- DataAccessStrategy 등록 완료: [REALTIME_QUERY, REGULAR_BILLING, QUOTATION_QUERY, ESTIMATE_QUERY]
18:12:08.452 [Test worker] INFO com.billing.charge.calculation.impl.strategy.DataAccessStrategyResolver -- DataAccessStrategy 등록 완료: [REALTIME_QUERY, REGULAR_BILLING, QUOTATION_QUERY, ESTIMATE_QUERY]
18:12:08.452 [Test worker] INFO com.billing.charge.calculation.impl.strategy.DataAccessStrategyResolver -- DataAccessStrategy 등록 완료: [REALTIME_QUERY, REGULAR_BILLING, QUOTATION_QUERY, ESTIMATE_QUERY]
18:12:08.453 [Test worker] INFO com.billing.charge.calculation.impl.strategy.DataAccessStrategyResolver -- DataAccessStrategy 등록 완료: [REALTIME_QUERY, REGULAR_BILLING, QUOTATION_QUERY, ESTIMATE_QUERY]
18:12:08.453 [Test worker] INFO com.billing.charge.calculation.impl.strategy.DataAccessStrategyResolver -- DataAccessStrategy 등록 완료: [REALTIME_QUERY, REGULAR_BILLING, QUOTATION_QUERY, ESTIMATE_QUERY]
18:12:08.454 [Test worker] INFO com.billing.charge.calculation.impl.strategy.DataAccessStrategyResolver -- DataAccessStrategy 등록 완료: [REALTIME_QUERY, REGULAR_BILLING, QUOTATION_QUERY, ESTIMATE_QUERY]
18:12:08.454 [Test worker] INFO com.billing.charge.calculation.impl.strategy.DataAccessStrategyResolver -- DataAccessStrategy 등록 완료: [REALTIME_QUERY, REGULAR_BILLING, QUOTATION_QUERY, ESTIMATE_QUERY]
18:12:08.455 [Test worker] INFO com.billing.charge.calculation.impl.strategy.DataAccessStrategyResolver -- DataAccessStrategy 등록 완료: [REALTIME_QUERY, REGULAR_BILLING, QUOTATION_QUERY, ESTIMATE_QUERY]
18:12:08.455 [Test worker] INFO com.billing.charge.calculation.impl.strategy.DataAccessStrategyResolver -- DataAccessStrategy 등록 완료: [REALTIME_QUERY, REGULAR_BILLING, QUOTATION_QUERY, ESTIMATE_QUERY]
18:12:08.456 [Test worker] INFO com.billing.charge.calculation.impl.strategy.DataAccessStrategyResolver -- DataAccessStrategy 등록 완료: [REALTIME_QUERY, REGULAR_BILLING, QUOTATION_QUERY, ESTIMATE_QUERY]
18:12:08.456 [Test worker] INFO com.billing.charge.calculation.impl.strategy.DataAccessStrategyResolver -- DataAccessStrategy 등록 완료: [REALTIME_QUERY, REGULAR_BILLING, QUOTATION_QUERY, ESTIMATE_QUERY]
18:12:08.456 [Test worker] INFO com.billing.charge.calculation.impl.strategy.DataAccessStrategyResolver -- DataAccessStrategy 등록 완료: [REALTIME_QUERY, REGULAR_BILLING, QUOTATION_QUERY, ESTIMATE_QUERY]
18:12:08.457 [Test worker] INFO com.billing.charge.calculation.impl.strategy.DataAccessStrategyResolver -- DataAccessStrategy 등록 완료: [REALTIME_QUERY, REGULAR_BILLING, QUOTATION_QUERY, ESTIMATE_QUERY]
18:12:08.457 [Test worker] INFO com.billing.charge.calculation.impl.strategy.DataAccessStrategyResolver -- DataAccessStrategy 등록 완료: [REALTIME_QUERY, REGULAR_BILLING, QUOTATION_QUERY, ESTIMATE_QUERY]
18:12:08.457 [Test worker] INFO com.billing.charge.calculation.impl.strategy.DataAccessStrategyResolver -- DataAccessStrategy 등록 완료: [REALTIME_QUERY, REGULAR_BILLING, QUOTATION_QUERY, ESTIMATE_QUERY]
18:12:08.458 [Test worker] INFO com.billing.charge.calculation.impl.strategy.DataAccessStrategyResolver -- DataAccessStrategy 등록 완료: [REALTIME_QUERY, REGULAR_BILLING, QUOTATION_QUERY, ESTIMATE_QUERY]
18:12:08.458 [Test worker] INFO com.billing.charge.calculation.impl.strategy.DataAccessStrategyResolver -- DataAccessStrategy 등록 완료: [REALTIME_QUERY, REGULAR_BILLING, QUOTATION_QUERY, ESTIMATE_QUERY]
18:12:08.458 [Test worker] INFO com.billing.charge.calculation.impl.strategy.DataAccessStrategyResolver -- DataAccessStrategy 등록 완료: [REALTIME_QUERY, REGULAR_BILLING, QUOTATION_QUERY, ESTIMATE_QUERY]
18:12:08.459 [Test worker] INFO com.billing.charge.calculation.impl.strategy.DataAccessStrategyResolver -- DataAccessStrategy 등록 완료: [REALTIME_QUERY, REGULAR_BILLING, QUOTATION_QUERY, ESTIMATE_QUERY]
18:12:08.459 [Test worker] INFO com.billing.charge.calculation.impl.strategy.DataAccessStrategyResolver -- DataAccessStrategy 등록 완료: [REALTIME_QUERY, REGULAR_BILLING, QUOTATION_QUERY, ESTIMATE_QUERY]
18:12:08.459 [Test worker] INFO com.billing.charge.calculation.impl.strategy.DataAccessStrategyResolver -- DataAccessStrategy 등록 완료: [REALTIME_QUERY, REGULAR_BILLING, QUOTATION_QUERY, ESTIMATE_QUERY]
18:12:08.459 [Test worker] INFO com.billing.charge.calculation.impl.strategy.DataAccessStrategyResolver -- DataAccessStrategy 등록 완료: [REALTIME_QUERY, REGULAR_BILLING, QUOTATION_QUERY, ESTIMATE_QUERY]
timestamp = 2026-02-27T18:12:08.460354, TenantIsolationPropertyTest:differentTenantsShouldGetIndependentPipelineConfigurations = 
                              |-----------------------jqwik-----------------------
tries = 100                   | # of calls to property
checks = 100                  | # of not rejected calls
generation = RANDOMIZED       | parameters are randomly generated
after-failure = SAMPLE_FIRST  | try previously failed sample, then previous seed
when-fixed-seed = ALLOW       | fixing the random seed is allowed
edge-cases#mode = MIXIN       | edge cases are mixed in
edge-cases#total = 0          | # of all combined edge cases
edge-cases#tried = 0          | # of edge cases tried in current run
seed = -4370520374435748476   | random seed to reproduce generated values


]]></system-out>
  <system-err><![CDATA[]]></system-err>
</testsuite>
