<?xml version="1.0" encoding="UTF-8"?>
<testsuite name="예상 조회 전략 (EstimateQueryStrategy)" tests="2" skipped="0" failures="0" errors="0" timestamp="2026-02-28T10:17:09.239Z" hostname="realimpactui-MacBookAir.local" time="0.003">
  <properties/>
  <testcase name="OrderContractBaseLoader를 반환해야 한다" classname="com.billing.charge.calculation.impl.strategy.DataAccessStrategyLoaderSelectionTest$EstimateQueryStrategyTest" time="0.001"/>
  <testcase name="월정액, 할인 로더만 포함해야 한다 (청구/수납, 선납 제외)" classname="com.billing.charge.calculation.impl.strategy.DataAccessStrategyLoaderSelectionTest$EstimateQueryStrategyTest" time="0.002"/>
  <system-out><![CDATA[]]></system-out>
  <system-err><![CDATA[]]></system-err>
</testsuite>
