<?xml version="1.0" encoding="UTF-8"?>
<testsuite name="com.billing.charge.calculation.impl.pipeline.PipelineEnginePropertyTest" tests="1" skipped="0" failures="0" errors="0" timestamp="2026-02-27T09:12:08.333Z" hostname="SKAXui-MacBookPro.local" time="0.021">
  <properties/>
  <testcase name="stepsShouldBeExecutedInOrderDefinedByGetOrder" classname="com.billing.charge.calculation.impl.pipeline.PipelineEnginePropertyTest" time="0.021"/>
  <system-out><![CDATA[timestamp = 2026-02-27T18:12:08.354178, PipelineEnginePropertyTest:stepsShouldBeExecutedInOrderDefinedByGetOrder = 
                              |-----------------------jqwik-----------------------
tries = 100                   | # of calls to property
checks = 100                  | # of not rejected calls
generation = RANDOMIZED       | parameters are randomly generated
after-failure = SAMPLE_FIRST  | try previously failed sample, then previous seed
when-fixed-seed = ALLOW       | fixing the random seed is allowed
edge-cases#mode = MIXIN       | edge cases are mixed in
edge-cases#total = 4          | # of all combined edge cases
edge-cases#tried = 4          | # of edge cases tried in current run
seed = 8879249727130270429    | random seed to reproduce generated values


]]></system-out>
  <system-err><![CDATA[]]></system-err>
</testsuite>
