<?xml version="1.0" encoding="UTF-8"?>
<testsuite name="com.billing.charge.calculation.impl.service.ChargeCalculationServicePropertyTest" tests="1" skipped="0" failures="0" errors="0" timestamp="2026-02-27T09:12:08.370Z" hostname="SKAXui-MacBookPro.local" time="0.019">
  <properties/>
  <testcase name="resultCountShouldMatchContractCount" classname="com.billing.charge.calculation.impl.service.ChargeCalculationServicePropertyTest" time="0.019"/>
  <system-out><![CDATA[18:12:08.369 [Test worker] INFO com.billing.charge.calculation.impl.strategy.DataAccessStrategyResolver -- DataAccessStrategy 등록 완료: [REALTIME_QUERY, REGULAR_BILLING, QUOTATION_QUERY, ESTIMATE_QUERY]
timestamp = 2026-02-27T18:12:08.389684, ChargeCalculationServicePropertyTest:resultCountShouldMatchContractCount = 
                              |-----------------------jqwik-----------------------
tries = 100                   | # of calls to property
checks = 100                  | # of not rejected calls
generation = RANDOMIZED       | parameters are randomly generated
after-failure = SAMPLE_FIRST  | try previously failed sample, then previous seed
when-fixed-seed = ALLOW       | fixing the random seed is allowed
edge-cases#mode = MIXIN       | edge cases are mixed in
edge-cases#total = 16         | # of all combined edge cases
edge-cases#tried = 13         | # of edge cases tried in current run
seed = -3287541009360681469   | random seed to reproduce generated values


]]></system-out>
  <system-err><![CDATA[]]></system-err>
</testsuite>
